<?xml version="1.0" encoding="UTF-8"?>
<testng-results skipped="0" failed="0" ignored="3" total="4" passed="1">
  <reporter-output>
  </reporter-output>
  <suite name="Suite" duration-ms="138525" started-at="2021-03-24T14:19:46 IST" finished-at="2021-03-24T14:22:05 IST">
    <groups>
    </groups>
    <test name="Test" duration-ms="138525" started-at="2021-03-24T14:19:46 IST" finished-at="2021-03-24T14:22:05 IST">
      <class name="appiumFramework.Demos">
        <test-method status="PASS" signature="beforeTest()[pri:0, instance:appiumFramework.Demos@2db7a79b]" name="beforeTest" is-config="true" duration-ms="3059" started-at="2021-03-24T14:19:46 IST" finished-at="2021-03-24T14:19:49 IST">
          <reporter-output>
          </reporter-output>
        </test-method> <!-- beforeTest -->
        <test-method status="PASS" signature="testCase4()[pri:0, instance:appiumFramework.Demos@2db7a79b]" name="testCase4" duration-ms="135179" started-at="2021-03-24T14:19:49 IST" finished-at="2021-03-24T14:22:05 IST">
          <reporter-output>
          </reporter-output>
        </test-method> <!-- testCase4 -->
        <test-method status="PASS" signature="afterTest()[pri:0, instance:appiumFramework.Demos@2db7a79b]" name="afterTest" is-config="true" duration-ms="157" started-at="2021-03-24T14:22:05 IST" finished-at="2021-03-24T14:22:05 IST">
          <reporter-output>
          </reporter-output>
        </test-method> <!-- afterTest -->
      </class> <!-- appiumFramework.Demos -->
    </test> <!-- Test -->
  </suite> <!-- Suite -->
</testng-results>
