<?xml version="1.0" encoding="UTF-8"?>
<!-- Generated by org.testng.reporters.JUnitXMLReporter -->
<testsuite hostname="DESKTOP-VTLIHK5" ignored="3" name="Default test" tests="1" failures="0" timestamp="2021-03-24T13:37:14 IST" time="87.973" errors="0">
  <testcase name="testCase4" time="84.661" classname="appiumFramework.Demos"/>
  <testcase name="testCase2" time="0.0" classname="appiumFramework.Demos">
    <ignored/>
  </testcase> <!-- testCase2 -->
  <testcase name="testCase1" time="0.0" classname="appiumFramework.Demos">
    <ignored/>
  </testcase> <!-- testCase1 -->
  <testcase name="testCase3" time="0.0" classname="appiumFramework.Demos">
    <ignored/>
  </testcase> <!-- testCase3 -->
</testsuite> <!-- Default test -->
